<?xml version="1.0" encoding="UTF-8" ?>
<testsuite tests="9" failures="0" name="com.revature.services.TaskServiceTest" time="0" errors="0" skipped="0">
  <properties>
[...]
</properties>
  <testcase classname="com.revature.services.TaskServiceTest" name="testGetTaskFromDB" time="0"/>
  <testcase classname="com.revature.services.TaskServiceTest" name="testAddTaskContent" time="0"/>
  <testcase classname="com.revature.services.TaskServiceTest" name="testTaskCompleted" time="0"/>
  <testcase classname="com.revature.services.TaskServiceTest" name="testAddTaskToTaskList" time="0"/>
  <testcase classname="com.revature.services.TaskServiceTest" name="testUpdateTaskContent" time="0"/>
  <testcase classname="com.revature.services.TaskServiceTest" name="testUpdatePublicView" time="0"/>
  <testcase classname="com.revature.services.TaskServiceTest" name="testUpdateTaskDueDate" time="0"/>
  <testcase classname="com.revature.services.TaskServiceTest" name="testSaveTaskToDB" time="0"/>
  <testcase classname="com.revature.services.TaskServiceTest" name="testUpdateTaskTitle" time="0"/>
</testsuite>